<?xml version="1.0" encoding="UTF-8"?>
<!-- Generated by org.testng.reporters.JUnitReportReporter -->
<testsuite hostname="DESKTOP-KAMM4HN" failures="0" tests="1" name="org.scriptsRunner.Hbio.demo1" time="4.949" errors="0" timestamp="14 Dec 2024 11:55:45 GMT" skipped="0">
  <testcase classname="org.scriptsRunner.Hbio.demo1" name="d1" time="4.949"/>
</testsuite> <!-- org.scriptsRunner.Hbio.demo1 -->
