<?xml version="1.0" encoding="UTF-8"?>
<!-- Generated by org.testng.reporters.JUnitReportReporter -->
<testsuite hostname="DESKTOP-KAMM4HN" failures="0" tests="1" name="org.scrips.demo1" time="15.522" errors="0" timestamp="14 Dec 2024 10:22:37 GMT" skipped="0">
  <testcase classname="org.scrips.demo1" name="d1" time="15.522"/>
</testsuite> <!-- org.scrips.demo1 -->
